0 verbose cli C:\Program Files\nodejs\node.exe C:\Program Files\nodejs\node_modules\npm\bin\npm-cli.js
1 info using npm@9.8.1
2 info using node@v18.18.0
3 timing npm:load:whichnode Completed in 3ms
4 timing config:load:defaults Completed in 3ms
5 timing config:load:file:C:\Program Files\nodejs\node_modules\npm\npmrc Completed in 4ms
6 timing config:load:builtin Completed in 4ms
7 timing config:load:cli Completed in 2ms
8 timing config:load:env Completed in 1ms
9 timing config:load:file:D:\Node-Project\TTP-Front\.npmrc Completed in 1ms
10 timing config:load:project Completed in 2ms
11 timing config:load:file:C:\Users\ㅋㅋ\.npmrc Completed in 1ms
12 timing config:load:user Completed in 1ms
13 timing config:load:file:C:\npm-global\etc\npmrc Completed in 1ms
14 timing config:load:global Completed in 1ms
15 timing config:load:setEnvs Completed in 1ms
16 timing config:load Completed in 15ms
17 timing npm:load:configload Completed in 15ms
18 timing config:load:flatten Completed in 4ms
19 timing npm:load:mkdirpcache Completed in 0ms
20 timing npm:load:mkdirplogs Completed in 0ms
21 verbose title npm start
22 verbose argv "start"
23 timing npm:load:setTitle Completed in 1ms
24 timing npm:load:display Completed in 1ms
25 verbose logfile logs-max:10 dir:D:\Node-Project\TTP-Front\clean\_logs\2024-10-08T03_34_28_601Z-
26 verbose logfile D:\Node-Project\TTP-Front\clean\_logs\2024-10-08T03_34_28_601Z-debug-0.log
27 timing npm:load:logFile Completed in 12ms
28 timing npm:load:timers Completed in 0ms
29 timing npm:load:configScope Completed in 0ms
30 timing npm:load Completed in 76ms
31 silly logfile done cleaning log files
32 http fetch GET 200 https://registry.yarnpkg.com/npm 300ms (cache miss)
33 http fetch GET 200 https://registry.yarnpkg.com/npm 323ms (cache miss)
34 timing command:run-script Completed in 23973489ms
35 timing command:start Completed in 23973524ms
36 notice
36 notice New [31mmajor[39m version of npm available! [31m9.8.1[39m -> [32m10.9.0[39m
36 notice Changelog: [36mhttps://github.com/npm/cli/releases/tag/v10.9.0[39m
36 notice Run [32mnpm install -g npm@10.9.0[39m to update!
36 notice
37 verbose exit 3221225786
38 timing npm Completed in 23973790ms
39 verbose code 3221225786
